-- Tests for the query parser
LOAD 'pg_hint_plan';
SET pg_hint_plan.debug_print TO on;
SET client_min_messages TO LOG;
SET pg_hint_plan.enable_hint TO on;
-- Dollar-based constants.
SELECT $$fox$$ AS constant;
 constant 
----------
 fox
(1 row)

SELECT $SomeTag$s fox$SomeTag$ AS constant;
 constant 
----------
 s fox
(1 row)

-- Dollar-based constants with quotes embedded.
SELECT $$Mike's fox$$ AS constant;
  constant  
------------
 Mike's fox
(1 row)

SELECT $SomeTag$Mike's fox$SomeTag$ AS constant;
  constant  
------------
 Mike's fox
(1 row)

SELECT $$Mike"s fox$$ AS constant;
  constant  
------------
 Mike"s fox
(1 row)

SELECT $SomeTag$Mike"s fox$SomeTag$ AS constant;
  constant  
------------
 Mike"s fox
(1 row)

CREATE TABLE hint_parser_tab (a int, b int);
CREATE INDEX hint_parser_ind ON hint_parser_tab(a);
INSERT INTO hint_parser_tab VALUES (generate_series(1,200), generate_series(1,200));
EXPLAIN SELECT /*+ IndexScan (hint_parser_tab hint_parser_ind) */ b
  FROM hint_parser_tab WHERE a = 108;
LOG:  available indexes for IndexScan(hint_parser_tab): hint_parser_ind
LOG:  pg_hint_plan:
used hint:
IndexScan(hint_parser_tab hint_parser_ind)
not used hint:
duplication hint:
error hint:

                                       QUERY PLAN                                        
-----------------------------------------------------------------------------------------
 Index Scan using hint_parser_ind on hint_parser_tab  (cost=0.15..36.35 rows=11 width=4)
   Index Cond: (a = 108)
(2 rows)

SELECT /*+ IndexScan (hint_parser_tab hint_parser_ind) */ b
  FROM hint_parser_tab WHERE a = 108;
LOG:  available indexes for IndexScan(hint_parser_tab): hint_parser_ind
LOG:  pg_hint_plan:
used hint:
IndexScan(hint_parser_tab hint_parser_ind)
not used hint:
duplication hint:
error hint:

  b  
-----
 108
(1 row)

-- Dollar-quoted constant with hint embedded.
-- IndexScan used, with SeqScan ignored because it is a query constant.
EXPLAIN SELECT /*+ IndexScan (hint_parser_tab hint_parser_ind) */ b,
  $$/*+ SeqScan (hint_parser_tab) */$$ AS hint_ignored
  FROM hint_parser_tab WHERE a = 108;
LOG:  available indexes for IndexScan(hint_parser_tab): hint_parser_ind
LOG:  pg_hint_plan:
used hint:
IndexScan(hint_parser_tab hint_parser_ind)
not used hint:
duplication hint:
error hint:

                                        QUERY PLAN                                        
------------------------------------------------------------------------------------------
 Index Scan using hint_parser_ind on hint_parser_tab  (cost=0.15..36.35 rows=11 width=36)
   Index Cond: (a = 108)
(2 rows)

-- Different dollar-based pattern.
-- SeqScan used, with IndexScan ignored because it is a query constant.
EXPLAIN SELECT /*+ SeqScan (hint_parser_tab) */ b,
  $SomeTag$/*+ IndexScan (hint_parser_tab hint_parser_ind */$SomeTag$ AS hint_ignored
  FROM hint_parser_tab WHERE a = 108;
LOG:  pg_hint_plan:
used hint:
SeqScan(hint_parser_tab)
not used hint:
duplication hint:
error hint:

                            QUERY PLAN                            
------------------------------------------------------------------
 Seq Scan on hint_parser_tab  (cost=0.00..38.25 rows=11 width=36)
   Filter: (a = 108)
(2 rows)

DROP TABLE hint_parser_tab;
